<?xml version="1.0" encoding="UTF-8"?>
<!-- Generated by org.testng.reporters.JUnitXMLReporter -->
<testsuite hostname="DESKTOP-7FVS2K0" ignored="2" name="Facebook test Chrome" tests="1" failures="0" timestamp="2020-02-25T10:22:03 IST" time="24.177" errors="0">
  <testcase name="doLoginTest" time="7.801" classname="com.hbsp.mytests.LoginTest"/>
  <testcase name="loginPageTitleTest" time="0.0" classname="com.hbsp.mytests.LoginTest">
    <ignored/>
  </testcase> <!-- loginPageTitleTest -->
  <testcase name="loginPageHeaderTest" time="0.0" classname="com.hbsp.mytests.LoginTest">
    <ignored/>
  </testcase> <!-- loginPageHeaderTest -->
</testsuite> <!-- Facebook test Chrome -->
